<?xml version="1.0" encoding="UTF-8"?>
<!-- Generated by org.testng.reporters.JUnitReportReporter -->
<testsuite skipped="3" hostname="LAPTOP-L1BFDSGL" name="xboxLiveTestFramework_Tests.MyXboxHomePageTest" tests="19" failures="1" timestamp="15 Feb 2018 00:25:27 GMT" time="597.439" errors="2">
  <testcase name="seeAllFilter" time="62.786" classname="xboxLiveTestFramework_Tests.MyXboxHomePageTest"/>
  <testcase name="viewAccounts" time="21.262" classname="xboxLiveTestFramework_Tests.MyXboxHomePageTest">
    <error type="java.lang.NullPointerException">
      <![CDATA[java.lang.NullPointerExceptionat xboxLiveTestFramework_Tests.MyXboxHomePageTest.viewAccounts(MyXboxHomePageTest.java:249)at sun.reflect.NativeMethodAccessorImpl.invoke0(Native Method)at sun.reflect.NativeMethodAccessorImpl.invoke(Unknown Source)at sun.reflect.DelegatingMethodAccessorImpl.invoke(Unknown Source)at java.lang.reflect.Method.invoke(Unknown Source)at org.testng.internal.MethodInvocationHelper.invokeMethod(MethodInvocationHelper.java:124)at org.testng.internal.Invoker.invokeMethod(Invoker.java:571)at org.testng.internal.Invoker.retryFailed(Invoker.java:829)at org.testng.internal.Invoker.invokeTestMethods(Invoker.java:1000)at org.testng.internal.TestMethodWorker.invokeTestMethods(TestMethodWorker.java:125)at org.testng.internal.TestMethodWorker.run(TestMethodWorker.java:109)at org.testng.TestRunner.privateRun(TestRunner.java:648)at org.testng.TestRunner.run(TestRunner.java:505)at org.testng.SuiteRunner.runTest(SuiteRunner.java:455)at org.testng.SuiteRunner.runSequentially(SuiteRunner.java:450)at org.testng.SuiteRunner.privateRun(SuiteRunner.java:415)at org.testng.SuiteRunner.run(SuiteRunner.java:364)at org.testng.SuiteRunnerWorker.runSuite(SuiteRunnerWorker.java:52)at org.testng.SuiteRunnerWorker.run(SuiteRunnerWorker.java:84)at org.testng.TestNG.runSuitesSequentially(TestNG.java:1187)at org.testng.TestNG.runSuitesLocally(TestNG.java:1116)at org.testng.TestNG.runSuites(TestNG.java:1028)at org.testng.TestNG.run(TestNG.java:996)at org.apache.maven.surefire.testng.TestNGExecutor.run(TestNGExecutor.java:283)at org.apache.maven.surefire.testng.TestNGXmlTestSuite.execute(TestNGXmlTestSuite.java:75)at org.apache.maven.surefire.testng.TestNGProvider.invoke(TestNGProvider.java:120)at org.apache.maven.surefire.booter.ForkedBooter.invokeProviderInSameClassLoader(ForkedBooter.java:373)at org.apache.maven.surefire.booter.ForkedBooter.runSuitesInProcess(ForkedBooter.java:334)at org.apache.maven.surefire.booter.ForkedBooter.execute(ForkedBooter.java:119)at org.apache.maven.surefire.booter.ForkedBooter.main(ForkedBooter.java:407)]]>
    </error>
  </testcase> <!-- viewAccounts -->
  <testcase name="viewAccounts" time="14.329" classname="xboxLiveTestFramework_Tests.MyXboxHomePageTest">
    <skipped/>
  </testcase> <!-- viewAccounts -->
  <testcase name="navigatingToFaceBook" time="16.426" classname="xboxLiveTestFramework_Tests.MyXboxHomePageTest">
    <failure type="java.lang.AssertionError" message="expected [You can now connect with your Facebook friends on Xbox Live. Click below to get started.] but found []">
      <![CDATA[java.lang.AssertionError: expected [You can now connect with your Facebook friends on Xbox Live. Click below to get started.] but found []at org.testng.Assert.fail(Assert.java:96)at org.testng.Assert.failNotEquals(Assert.java:776)at org.testng.Assert.assertEqualsImpl(Assert.java:137)at org.testng.Assert.assertEquals(Assert.java:118)at org.testng.Assert.assertEquals(Assert.java:453)at org.testng.Assert.assertEquals(Assert.java:463)at xboxLiveTestFramework_Tests.MyXboxHomePageTest.navigatingToFaceBook(MyXboxHomePageTest.java:274)at sun.reflect.NativeMethodAccessorImpl.invoke0(Native Method)at sun.reflect.NativeMethodAccessorImpl.invoke(Unknown Source)at sun.reflect.DelegatingMethodAccessorImpl.invoke(Unknown Source)at java.lang.reflect.Method.invoke(Unknown Source)at org.testng.internal.MethodInvocationHelper.invokeMethod(MethodInvocationHelper.java:124)at org.testng.internal.Invoker.invokeMethod(Invoker.java:571)at org.testng.internal.Invoker.retryFailed(Invoker.java:829)at org.testng.internal.Invoker.invokeTestMethods(Invoker.java:1000)at org.testng.internal.TestMethodWorker.invokeTestMethods(TestMethodWorker.java:125)at org.testng.internal.TestMethodWorker.run(TestMethodWorker.java:109)at org.testng.TestRunner.privateRun(TestRunner.java:648)at org.testng.TestRunner.run(TestRunner.java:505)at org.testng.SuiteRunner.runTest(SuiteRunner.java:455)at org.testng.SuiteRunner.runSequentially(SuiteRunner.java:450)at org.testng.SuiteRunner.privateRun(SuiteRunner.java:415)at org.testng.SuiteRunner.run(SuiteRunner.java:364)at org.testng.SuiteRunnerWorker.runSuite(SuiteRunnerWorker.java:52)at org.testng.SuiteRunnerWorker.run(SuiteRunnerWorker.java:84)at org.testng.TestNG.runSuitesSequentially(TestNG.java:1187)at org.testng.TestNG.runSuitesLocally(TestNG.java:1116)at org.testng.TestNG.runSuites(TestNG.java:1028)at org.testng.TestNG.run(TestNG.java:996)at org.apache.maven.surefire.testng.TestNGExecutor.run(TestNGExecutor.java:283)at org.apache.maven.surefire.testng.TestNGXmlTestSuite.execute(TestNGXmlTestSuite.java:75)at org.apache.maven.surefire.testng.TestNGProvider.invoke(TestNGProvider.java:120)at org.apache.maven.surefire.booter.ForkedBooter.invokeProviderInSameClassLoader(ForkedBooter.java:373)at org.apache.maven.surefire.booter.ForkedBooter.runSuitesInProcess(ForkedBooter.java:334)at org.apache.maven.surefire.booter.ForkedBooter.execute(ForkedBooter.java:119)at org.apache.maven.surefire.booter.ForkedBooter.main(ForkedBooter.java:407)]]>
    </failure>
  </testcase> <!-- navigatingToFaceBook -->
  <testcase name="generalFilters" time="75.394" classname="xboxLiveTestFramework_Tests.MyXboxHomePageTest"/>
  <testcase name="pickRandomMixerStream" time="7.833" classname="xboxLiveTestFramework_Tests.MyXboxHomePageTest"/>
  <testcase name="openBoxAndCommentThenDelete" time="53.229" classname="xboxLiveTestFramework_Tests.MyXboxHomePageTest"/>
  <testcase name="sharePosts" time="54.691" classname="xboxLiveTestFramework_Tests.MyXboxHomePageTest">
    <error type="org.openqa.selenium.ElementClickInterceptedException" message="Element &lt;button id=&quot;getmore&quot; class=&quot;c-button x-hidden-focus&quot; name=&quot;getmore&quot;&gt; is not clickable at point (501.66668701171875,732.2833251953125) because another element &lt;div&gt; obscures it
Build info: version: &#039;3.7.1&#039;, revision: &#039;8a0099a&#039;, time: &#039;2017-11-06T21:01:39.354Z&#039;
System info: host: &#039;LAPTOP-L1BFDSGL&#039;, ip: &#039;10.0.0.38&#039;, os.name: &#039;Windows 10&#039;, os.arch: &#039;amd64&#039;, os.version: &#039;10.0&#039;, java.version: &#039;1.8.0_161&#039;
Driver info: org.openqa.selenium.firefox.FirefoxDriver
Capabilities {acceptInsecureCerts: true, browserName: firefox, browserVersion: 58.0.1, javascriptEnabled: true, moz:accessibilityChecks: false, moz:headless: false, moz:processID: 17664, moz:profile: C:\Users\Rigat\AppData\Loca..., moz:webdriverClick: true, pageLoadStrategy: normal, platform: XP, platformName: XP, platformVersion: 10.0, rotatable: false, timeouts: {implicit: 0, pageLoad: 300000, script: 30000}}
Session ID: 38fc95ac-ec55-4e06-a7a4-ad390cc23435">
      <![CDATA[org.openqa.selenium.ElementClickInterceptedException: Element <button id="getmore" class="c-button x-hidden-focus" name="getmore"> is not clickable at point (501.66668701171875,732.2833251953125) because another element <div> obscures itBuild info: version: '3.7.1', revision: '8a0099a', time: '2017-11-06T21:01:39.354Z'System info: host: 'LAPTOP-L1BFDSGL', ip: '10.0.0.38', os.name: 'Windows 10', os.arch: 'amd64', os.version: '10.0', java.version: '1.8.0_161'Driver info: org.openqa.selenium.firefox.FirefoxDriverCapabilities {acceptInsecureCerts: true, browserName: firefox, browserVersion: 58.0.1, javascriptEnabled: true, moz:accessibilityChecks: false, moz:headless: false, moz:processID: 17664, moz:profile: C:\Users\Rigat\AppData\Loca..., moz:webdriverClick: true, pageLoadStrategy: normal, platform: XP, platformName: XP, platformVersion: 10.0, rotatable: false, timeouts: {implicit: 0, pageLoad: 300000, script: 30000}}Session ID: 38fc95ac-ec55-4e06-a7a4-ad390cc23435at sun.reflect.NativeConstructorAccessorImpl.newInstance0(Native Method)at sun.reflect.NativeConstructorAccessorImpl.newInstance(Unknown Source)at sun.reflect.DelegatingConstructorAccessorImpl.newInstance(Unknown Source)at java.lang.reflect.Constructor.newInstance(Unknown Source)at org.openqa.selenium.remote.http.W3CHttpResponseCodec.createException(W3CHttpResponseCodec.java:187)at org.openqa.selenium.remote.http.W3CHttpResponseCodec.decode(W3CHttpResponseCodec.java:122)at org.openqa.selenium.remote.http.W3CHttpResponseCodec.decode(W3CHttpResponseCodec.java:49)at org.openqa.selenium.remote.HttpCommandExecutor.execute(HttpCommandExecutor.java:164)at org.openqa.selenium.remote.service.DriverCommandExecutor.execute(DriverCommandExecutor.java:83)at org.openqa.selenium.remote.RemoteWebDriver.execute(RemoteWebDriver.java:600)at org.openqa.selenium.remote.RemoteWebElement.execute(RemoteWebElement.java:279)at org.openqa.selenium.remote.RemoteWebElement.click(RemoteWebElement.java:83)at sun.reflect.GeneratedMethodAccessor3.invoke(Unknown Source)at sun.reflect.DelegatingMethodAccessorImpl.invoke(Unknown Source)at java.lang.reflect.Method.invoke(Unknown Source)at org.openqa.selenium.support.pagefactory.internal.LocatingElementHandler.invoke(LocatingElementHandler.java:51)at com.sun.proxy.$Proxy10.click(Unknown Source)at xboxLivePageObjects_Lib.ActivityFeedComponent.expandPostedActivityFeed(ActivityFeedComponent.java:197)at xboxLivePageObjects_Lib.ActivityFeedComponent.originalPostShared(ActivityFeedComponent.java:508)at xboxLiveTestFramework_Tests.MyXboxHomePageTest.sharePosts(MyXboxHomePageTest.java:97)at sun.reflect.NativeMethodAccessorImpl.invoke0(Native Method)at sun.reflect.NativeMethodAccessorImpl.invoke(Unknown Source)at sun.reflect.DelegatingMethodAccessorImpl.invoke(Unknown Source)at java.lang.reflect.Method.invoke(Unknown Source)at org.testng.internal.MethodInvocationHelper.invokeMethod(MethodInvocationHelper.java:124)at org.testng.internal.Invoker.invokeMethod(Invoker.java:571)at org.testng.internal.Invoker.retryFailed(Invoker.java:829)at org.testng.internal.Invoker.invokeTestMethods(Invoker.java:1000)at org.testng.internal.TestMethodWorker.invokeTestMethods(TestMethodWorker.java:125)at org.testng.internal.TestMethodWorker.run(TestMethodWorker.java:109)at org.testng.TestRunner.privateRun(TestRunner.java:648)at org.testng.TestRunner.run(TestRunner.java:505)at org.testng.SuiteRunner.runTest(SuiteRunner.java:455)at org.testng.SuiteRunner.runSequentially(SuiteRunner.java:450)at org.testng.SuiteRunner.privateRun(SuiteRunner.java:415)at org.testng.SuiteRunner.run(SuiteRunner.java:364)at org.testng.SuiteRunnerWorker.runSuite(SuiteRunnerWorker.java:52)at org.testng.SuiteRunnerWorker.run(SuiteRunnerWorker.java:84)at org.testng.TestNG.runSuitesSequentially(TestNG.java:1187)at org.testng.TestNG.runSuitesLocally(TestNG.java:1116)at org.testng.TestNG.runSuites(TestNG.java:1028)at org.testng.TestNG.run(TestNG.java:996)at org.apache.maven.surefire.testng.TestNGExecutor.run(TestNGExecutor.java:283)at org.apache.maven.surefire.testng.TestNGXmlTestSuite.execute(TestNGXmlTestSuite.java:75)at org.apache.maven.surefire.testng.TestNGProvider.invoke(TestNGProvider.java:120)at org.apache.maven.surefire.booter.ForkedBooter.invokeProviderInSameClassLoader(ForkedBooter.java:373)at org.apache.maven.surefire.booter.ForkedBooter.runSuitesInProcess(ForkedBooter.java:334)at org.apache.maven.surefire.booter.ForkedBooter.execute(ForkedBooter.java:119)at org.apache.maven.surefire.booter.ForkedBooter.main(ForkedBooter.java:407)]]>
    </error>
  </testcase> <!-- sharePosts -->
  <testcase name="seeAllMixerStream" time="8.399" classname="xboxLiveTestFramework_Tests.MyXboxHomePageTest"/>
  <testcase name="sharePosts" time="58.675" classname="xboxLiveTestFramework_Tests.MyXboxHomePageTest">
    <skipped/>
  </testcase> <!-- sharePosts -->
  <testcase name="expandList" time="16.116" classname="xboxLiveTestFramework_Tests.MyXboxHomePageTest"/>
  <testcase name="removeSuggestions" time="16.976" classname="xboxLiveTestFramework_Tests.MyXboxHomePageTest"/>
  <testcase name="deletePost" time="25.256" classname="xboxLiveTestFramework_Tests.MyXboxHomePageTest"/>
  <testcase name="postNewMessage" time="20.572" classname="xboxLiveTestFramework_Tests.MyXboxHomePageTest"/>
  <testcase name="postALike" time="29.043" classname="xboxLiveTestFramework_Tests.MyXboxHomePageTest"/>
  <testcase name="checkPostedLinks" time="45.221" classname="xboxLiveTestFramework_Tests.MyXboxHomePageTest"/>
  <testcase name="findByText" time="24.592" classname="xboxLiveTestFramework_Tests.MyXboxHomePageTest"/>
  <testcase name="openBoxAndComment" time="30.078" classname="xboxLiveTestFramework_Tests.MyXboxHomePageTest"/>
  <testcase name="navigatingToFaceBook" time="16.561" classname="xboxLiveTestFramework_Tests.MyXboxHomePageTest">
    <skipped/>
  </testcase> <!-- navigatingToFaceBook -->
</testsuite> <!-- xboxLiveTestFramework_Tests.MyXboxHomePageTest -->
