<?xml version="1.0" encoding="UTF-8"?>
<!-- Generated by org.testng.reporters.JUnitXMLReporter -->
<testsuite hostname="LAPTOP-L1BFDSGL" ignored="4" name="Tests" tests="19" failures="0" timestamp="14 Jan 2018 21:02:01 GMT" time="403.235" errors="0">
  <testcase name="@BeforeMethod signInToSetUp" time="27.893" classname="xboxLiveTestFramework_Tests.FriendsAndClubsSideBarTest">
    <failure type="org.openqa.selenium.NoSuchElementException" message="no such element: Unable to locate element: {&amp;quot;method&amp;quot;:&amp;quot;id&amp;quot;,&amp;quot;selector&amp;quot;:&amp;quot;meControl&amp;quot;}
  (Session info: chrome=63.0.3239.132)
  (Driver info: chromedriver=2.34.522940 (1a76f96f66e3ca7b8e57d503b4dd3bccfba87af1),platform=Windows NT 10.0.16299 x86_64) (WARNING: The server did not provide any stacktrace information)
Command duration or timeout: 0 milliseconds
For documentation on this error, please visit: http://seleniumhq.org/exceptions/no_such_element.html
Build info: version: &amp;apos;3.7.1&amp;apos;, revision: &amp;apos;8a0099a&amp;apos;, time: &amp;apos;2017-11-06T21:01:39.354Z&amp;apos;
System info: host: &amp;apos;LAPTOP-L1BFDSGL&amp;apos;, ip: &amp;apos;10.0.0.29&amp;apos;, os.name: &amp;apos;Windows 10&amp;apos;, os.arch: &amp;apos;amd64&amp;apos;, os.version: &amp;apos;10.0&amp;apos;, java.version: &amp;apos;1.8.0_144&amp;apos;
Driver info: org.openqa.selenium.chrome.ChromeDriver
Capabilities {acceptSslCerts: true, applicationCacheEnabled: false, browserConnectionEnabled: false, browserName: chrome, chrome: {chromedriverVersion: 2.34.522940 (1a76f96f66e3ca..., userDataDir: C:\Users\Rigat\AppData\Loca...}, cssSelectorsEnabled: true, databaseEnabled: false, handlesAlerts: true, hasTouchScreen: false, javascriptEnabled: true, locationContextEnabled: true, mobileEmulationEnabled: false, nativeEvents: true, networkConnectionEnabled: false, pageLoadStrategy: normal, platform: XP, platformName: XP, rotatable: false, setWindowRect: true, takesHeapSnapshot: true, takesScreenshot: true, unexpectedAlertBehaviour: , unhandledPromptBehavior: , version: 63.0.3239.132, webStorageEnabled: true}
Session ID: 77d77827df818972d70fa8c4825527b4
*** Element info: {Using=id, value=meControl}">
      <![CDATA[org.openqa.selenium.NoSuchElementException: no such element: Unable to locate element: {"method":"id","selector":"meControl"}  (Session info: chrome=63.0.3239.132)  (Driver info: chromedriver=2.34.522940 (1a76f96f66e3ca7b8e57d503b4dd3bccfba87af1),platform=Windows NT 10.0.16299 x86_64) (WARNING: The server did not provide any stacktrace information)Command duration or timeout: 0 millisecondsFor documentation on this error, please visit: http://seleniumhq.org/exceptions/no_such_element.htmlBuild info: version: '3.7.1', revision: '8a0099a', time: '2017-11-06T21:01:39.354Z'System info: host: 'LAPTOP-L1BFDSGL', ip: '10.0.0.29', os.name: 'Windows 10', os.arch: 'amd64', os.version: '10.0', java.version: '1.8.0_144'Driver info: org.openqa.selenium.chrome.ChromeDriverCapabilities {acceptSslCerts: true, applicationCacheEnabled: false, browserConnectionEnabled: false, browserName: chrome, chrome: {chromedriverVersion: 2.34.522940 (1a76f96f66e3ca..., userDataDir: C:\Users\Rigat\AppData\Loca...}, cssSelectorsEnabled: true, databaseEnabled: false, handlesAlerts: true, hasTouchScreen: false, javascriptEnabled: true, locationContextEnabled: true, mobileEmulationEnabled: false, nativeEvents: true, networkConnectionEnabled: false, pageLoadStrategy: normal, platform: XP, platformName: XP, rotatable: false, setWindowRect: true, takesHeapSnapshot: true, takesScreenshot: true, unexpectedAlertBehaviour: , unhandledPromptBehavior: , version: 63.0.3239.132, webStorageEnabled: true}Session ID: 77d77827df818972d70fa8c4825527b4*** Element info: {Using=id, value=meControl}at org.openqa.selenium.remote.ErrorHandler.createThrowable(ErrorHandler.java:214)at org.openqa.selenium.remote.ErrorHandler.throwIfResponseFailed(ErrorHandler.java:166)at org.openqa.selenium.remote.http.JsonHttpResponseCodec.reconstructValue(JsonHttpResponseCodec.java:40)at org.openqa.selenium.remote.http.AbstractHttpResponseCodec.decode(AbstractHttpResponseCodec.java:80)at org.openqa.selenium.remote.http.AbstractHttpResponseCodec.decode(AbstractHttpResponseCodec.java:44)at org.openqa.selenium.remote.HttpCommandExecutor.execute(HttpCommandExecutor.java:164)at org.openqa.selenium.remote.service.DriverCommandExecutor.execute(DriverCommandExecutor.java:83)at org.openqa.selenium.remote.RemoteWebDriver.execute(RemoteWebDriver.java:600)at org.openqa.selenium.remote.RemoteWebDriver.findElement(RemoteWebDriver.java:370)at org.openqa.selenium.remote.RemoteWebDriver.findElementById(RemoteWebDriver.java:416)at org.openqa.selenium.By$ById.findElement(By.java:218)at org.openqa.selenium.remote.RemoteWebDriver.findElement(RemoteWebDriver.java:362)at xboxLivePageObjects_Lib.Driver.findElement(Driver.java:33)at org.openqa.selenium.support.pagefactory.DefaultElementLocator.findElement(DefaultElementLocator.java:69)at org.openqa.selenium.support.pagefactory.internal.LocatingElementHandler.invoke(LocatingElementHandler.java:38)at com.sun.proxy.$Proxy10.findElement(Unknown Source)at xboxLivePageObjects_Lib.SignInConfirmationComponent.confirmationSignIn(SignInConfirmationComponent.java:29)at xboxLiveTestFramework_Tests.FriendsAndClubsSideBarTest.signInToSetUp(FriendsAndClubsSideBarTest.java:25)... Removed 36 stack frames]]>
    </failure>
  </testcase> <!-- @BeforeMethod signInToSetUp -->
  <testcase name="@BeforeMethod signInToSetUp" time="0.0" classname="xboxLiveTestFramework_Tests.FriendsAndClubsSideBarTest">
    <skipped/>
  </testcase> <!-- @BeforeMethod signInToSetUp -->
  <testcase name="findByText" time="0.0" classname="xboxLiveTestFramework_Tests.FriendsAndClubsSideBarTest">
    <skipped/>
  </testcase> <!-- findByText -->
  <testcase name="removeSuggestions" time="0.0" classname="xboxLiveTestFramework_Tests.FriendsAndClubsSideBarTest">
    <skipped/>
  </testcase> <!-- removeSuggestions -->
  <testcase name="regression" time="12.177" classname="xboxLiveTestFramework_Tests.RegressionTest"/>
  <testcase name="signUpFromMainToProfile" time="33.241" classname="xboxLiveTestFramework_Tests.SignInProfileTest"/>
  <testcase name="signUpMainToXboxAchievements" time="26.964" classname="xboxLiveTestFramework_Tests.SignInProfileTest"/>
  <testcase name="signUpMainToXboxFriends" time="28.699" classname="xboxLiveTestFramework_Tests.SignInProfileTest"/>
  <testcase name="signUpMainToXboxHome" time="27.032" classname="xboxLiveTestFramework_Tests.SignInProfileTest"/>
  <testcase name="signUpMainToXboxMessages" time="22.346" classname="xboxLiveTestFramework_Tests.SignInProfileTest"/>
  <testcase name="signUpMainToXboxMyGames" time="24.206" classname="xboxLiveTestFramework_Tests.SignInProfileTest"/>
  <testcase name="signUpMainToXboxTrendOnLive" time="117.358" classname="xboxLiveTestFramework_Tests.SignInProfileTest"/>
  <testcase name="checkMainAchievements" time="0.084" classname="xboxLiveTestFramework_Tests.UnitContentTest"/>
  <testcase name="checkMainClubs" time="0.061" classname="xboxLiveTestFramework_Tests.UnitContentTest"/>
  <testcase name="checkMainFriends" time="0.067" classname="xboxLiveTestFramework_Tests.UnitContentTest"/>
  <testcase name="checkMainHome" time="0.038" classname="xboxLiveTestFramework_Tests.UnitContentTest"/>
  <testcase name="checkMainMessages" time="0.081" classname="xboxLiveTestFramework_Tests.UnitContentTest"/>
  <testcase name="checkMainMyGame" time="0.085" classname="xboxLiveTestFramework_Tests.UnitContentTest"/>
  <testcase name="checkMainProfile" time="0.083" classname="xboxLiveTestFramework_Tests.UnitContentTest"/>
  <testcase name="checkMainTrending" time="0.073" classname="xboxLiveTestFramework_Tests.UnitContentTest"/>
  <testcase name="checkSignInComponent" time="0.134" classname="xboxLiveTestFramework_Tests.UnitContentTest"/>
  <testcase name="@BeforeTest beforeTest" time="0.0" classname="xboxLiveTestFramework_Tests.BaseTest">
    <ignored/>
  </testcase> <!-- @BeforeTest beforeTest -->
  <testcase name="@BeforeTest beforeTest" time="0.0" classname="xboxLiveTestFramework_Tests.BaseTest">
    <ignored/>
  </testcase> <!-- @BeforeTest beforeTest -->
  <testcase name="@BeforeTest beforeTest" time="0.0" classname="xboxLiveTestFramework_Tests.BaseTest">
    <ignored/>
  </testcase> <!-- @BeforeTest beforeTest -->
  <testcase name="@BeforeTest beforeTest" time="0.0" classname="xboxLiveTestFramework_Tests.BaseTest">
    <ignored/>
  </testcase> <!-- @BeforeTest beforeTest -->
</testsuite> <!-- Tests -->
